<?xml version="1.0" encoding="UTF-8"?>
<!-- Generated by org.testng.reporters.JUnitReportReporter -->
<testsuite hostname="Navin" failures="0" tests="1" name="com.NykaaIPT_Aug_TestNG.runner.RunnerImpl" time="0.008" errors="0" timestamp="2023-08-17T09:32:19 IST" skipped="0">
  <testcase classname="com.NykaaIPT_Aug_TestNG.runner.RunnerImpl" name="a" time="0.008"/>
  <system-out/>
</testsuite> <!-- com.NykaaIPT_Aug_TestNG.runner.RunnerImpl -->
